<?xml version="1.0" encoding="UTF-8"?>
<!-- Generated by org.testng.reporters.JUnitReportReporter -->
<testsuite hostname="DESKTOP-RRE0LHB" failures="0" tests="3" name="TestNGBasics.MethodAnnotation" time="0.117" errors="0" timestamp="2022-05-06T00:26:54 IST" skipped="0">
  <testcase classname="TestNGBasics.MethodAnnotation" name="Homepage" time="0.010"/>
  <system-out/>
  <testcase classname="TestNGBasics.MethodAnnotation" name="timeline" time="0.011"/>
  <system-out/>
  <testcase classname="TestNGBasics.MethodAnnotation" name="Reels" time="0.096"/>
  <system-out/>
</testsuite> <!-- TestNGBasics.MethodAnnotation -->
