<?xml version="1.0" encoding="UTF-8"?>
<!-- Generated by org.testng.reporters.JUnitReportReporter -->
<testsuite hostname="DESKTOP-RRE0LHB" failures="0" tests="1" name="OnlyPratice.GroupNo2" time="0.007" errors="0" timestamp="2022-05-10T21:21:39 IST" skipped="0">
  <testcase classname="OnlyPratice.GroupNo2" name="LogoutInsta" time="0.007"/>
  <system-out/>
</testsuite> <!-- OnlyPratice.GroupNo2 -->
