<?xml version="1.0" encoding="UTF-8"?>
<!-- Generated by org.testng.reporters.JUnitReportReporter -->
<testsuite hostname="DESKTOP-RRE0LHB" failures="0" tests="6" name="ParaMeterization_CrossBrowser.CCopyFileALlBrowserTEsting" time="56.346" errors="0" timestamp="2022-05-12T01:53:17 IST" skipped="0">
  <testcase classname="ParaMeterization_CrossBrowser.CCopyFileALlBrowserTEsting" name="CrossBrowserTesting" time="46.280"/>
  <system-out/>
  <testcase classname="ParaMeterization_CrossBrowser.CCopyFileALlBrowserTEsting" name="verifyCurrentURL" time="2.423"/>
  <system-out>
    <![CDATA[verifyCurrentURL]]>
  </system-out>
  <testcase classname="ParaMeterization_CrossBrowser.CCopyFileALlBrowserTEsting" name="verifyPageTitle" time="0.391"/>
  <system-out>
    <![CDATA[verifyPageTitle]]>
  </system-out>
  <testcase classname="ParaMeterization_CrossBrowser.CCopyFileALlBrowserTEsting" name="verifyUsernameField" time="4.694"/>
  <system-out>
    <![CDATA[verifyUsernameField]]>
  </system-out>
  <testcase classname="ParaMeterization_CrossBrowser.CCopyFileALlBrowserTEsting" name="verifyPasswordField" time="0.795"/>
  <system-out>
    <![CDATA[verifyPasswordField]]>
  </system-out>
  <testcase classname="ParaMeterization_CrossBrowser.CCopyFileALlBrowserTEsting" name="clickLoginButton" time="1.763"/>
  <system-out>
    <![CDATA[clickLoginButton]]>
  </system-out>
</testsuite> <!-- ParaMeterization_CrossBrowser.CCopyFileALlBrowserTEsting -->
