<?xml version="1.0" encoding="UTF-8"?>
<!-- Generated by org.testng.reporters.JUnitReportReporter -->
<testsuite hostname="DESKTOP-RRE0LHB" failures="0" tests="15" name="KeyWords.InvocationCount" time="0.240" errors="0" timestamp="2022-05-06T00:26:53 IST" skipped="0">
  <testcase classname="KeyWords.InvocationCount" name="Homepage" time="0.007"/>
  <system-out/>
  <testcase classname="KeyWords.InvocationCount" name="Homepage" time="0.020"/>
  <system-out/>
  <testcase classname="KeyWords.InvocationCount" name="Homepage" time="0.023"/>
  <system-out/>
  <testcase classname="KeyWords.InvocationCount" name="Homepage" time="0.011"/>
  <system-out/>
  <testcase classname="KeyWords.InvocationCount" name="Homepage" time="0.010"/>
  <system-out/>
  <testcase classname="KeyWords.InvocationCount" name="timeline" time="0.005"/>
  <system-out/>
  <testcase classname="KeyWords.InvocationCount" name="timeline" time="0.007"/>
  <system-out/>
  <testcase classname="KeyWords.InvocationCount" name="timeline" time="0.006"/>
  <system-out/>
  <testcase classname="KeyWords.InvocationCount" name="timeline" time="0.006"/>
  <system-out/>
  <testcase classname="KeyWords.InvocationCount" name="timeline" time="0.116"/>
  <system-out/>
  <testcase classname="KeyWords.InvocationCount" name="timeline" time="0.004"/>
  <system-out/>
  <testcase classname="KeyWords.InvocationCount" name="timeline" time="0.007"/>
  <system-out/>
  <testcase classname="KeyWords.InvocationCount" name="timeline" time="0.007"/>
  <system-out/>
  <testcase classname="KeyWords.InvocationCount" name="timeline" time="0.005"/>
  <system-out/>
  <testcase classname="KeyWords.InvocationCount" name="timeline" time="0.006"/>
  <system-out/>
</testsuite> <!-- KeyWords.InvocationCount -->
