<?xml version="1.0" encoding="UTF-8"?>
<!-- Generated by org.testng.reporters.JUnitReportReporter -->
<testsuite hostname="DESKTOP-RRE0LHB" failures="0" tests="5" name="KeyWords.ThreadPoolSize" time="991.891" errors="0" timestamp="2022-05-08T21:13:06 IST" skipped="0">
  <testcase classname="KeyWords.ThreadPoolSize" name="openBrowser" time="201.253"/>
  <system-out/>
  <testcase classname="KeyWords.ThreadPoolSize" name="openBrowser" time="194.202"/>
  <system-out/>
  <testcase classname="KeyWords.ThreadPoolSize" name="openBrowser" time="200.914"/>
  <system-out/>
  <testcase classname="KeyWords.ThreadPoolSize" name="openBrowser" time="201.325"/>
  <system-out/>
  <testcase classname="KeyWords.ThreadPoolSize" name="openBrowser" time="194.197"/>
  <system-out/>
</testsuite> <!-- KeyWords.ThreadPoolSize -->
