<?xml version="1.0" encoding="UTF-8"?>
<!-- Generated by org.testng.reporters.JUnitReportReporter -->
<testsuite hostname="DESKTOP-RRE0LHB" failures="0" tests="1" name="OnlyPratice.Pratice1" time="0.076" errors="0" timestamp="2022-05-06T00:42:21 IST" skipped="0">
  <testcase classname="OnlyPratice.Pratice1" name="homescreen1" time="0.076"/>
  <system-out/>
</testsuite> <!-- OnlyPratice.Pratice1 -->
