<?xml version="1.0" encoding="UTF-8"?>
<!-- Generated by org.testng.reporters.JUnitReportReporter -->
<testsuite hostname="DESKTOP-RRE0LHB" failures="0" tests="6" name="KeyWords.AllTogether" time="0.127" errors="0" timestamp="2022-05-08T20:16:40 IST" skipped="1">
  <testcase classname="KeyWords.AllTogether" name="m1" time="0.035"/>
  <system-out/>
  <testcase classname="KeyWords.AllTogether" name="m2" time="0.024"/>
  <system-out/>
  <testcase classname="KeyWords.AllTogether" name="m2" time="0.011"/>
  <system-out/>
  <testcase classname="KeyWords.AllTogether" name="m2" time="0.022"/>
  <system-out/>
  <testcase classname="KeyWords.AllTogether" name="m3" time="0.035"/>
  <system-out/>
  <testcase classname="KeyWords.AllTogether" name="m4">
    <skipped/>
  </testcase> <!-- m4 -->
  <system-out/>
</testsuite> <!-- KeyWords.AllTogether -->
