<?xml version="1.0" encoding="UTF-8"?>
<!-- Generated by org.testng.reporters.JUnitReportReporter -->
<testsuite hostname="DESKTOP-RRE0LHB" failures="0" tests="4" name="OnlyPratice.TestPratice" time="0.051" errors="0" timestamp="2022-05-06T00:26:53 IST" skipped="0">
  <testcase classname="OnlyPratice.TestPratice" name="test1" time="0.018"/>
  <system-out>
    <![CDATA[Test no.1 Passed]]>
  </system-out>
  <testcase classname="OnlyPratice.TestPratice" name="test2" time="0.003"/>
  <system-out>
    <![CDATA[Test no.2 Passed]]>
  </system-out>
  <testcase classname="OnlyPratice.TestPratice" name="test3" time="0.026"/>
  <system-out>
    <![CDATA[Test no.3 Passed]]>
  </system-out>
  <testcase classname="OnlyPratice.TestPratice" name="test4" time="0.004"/>
  <system-out/>
</testsuite> <!-- OnlyPratice.TestPratice -->
