<?xml version="1.0" encoding="UTF-8"?>
<!-- Generated by org.testng.reporters.JUnitReportReporter -->
<testsuite hostname="DESKTOP-RRE0LHB" failures="0" tests="1" name="ParaMeterization_CrossBrowser.FireFoxBrowser" time="52.375" errors="0" timestamp="2022-05-12T01:44:09 IST" skipped="0">
  <testcase classname="ParaMeterization_CrossBrowser.FireFoxBrowser" name="m1" time="52.375"/>
  <system-out/>
</testsuite> <!-- ParaMeterization_CrossBrowser.FireFoxBrowser -->
