<?xml version="1.0" encoding="UTF-8"?>
<!-- Generated by org.testng.reporters.JUnitReportReporter -->
<testsuite hostname="DESKTOP-RRE0LHB" failures="0" tests="2" name="TestAnnotations.Test2" time="0.031" errors="0" timestamp="2022-05-06T00:26:53 IST" skipped="0">
  <testcase classname="TestAnnotations.Test2" name="M1" time="0.013"/>
  <system-out/>
  <testcase classname="TestAnnotations.Test2" name="M2" time="0.018"/>
  <system-out/>
</testsuite> <!-- TestAnnotations.Test2 -->
