<?xml version="1.0" encoding="UTF-8"?>
<!-- Generated by org.testng.reporters.JUnitReportReporter -->
<testsuite hostname="DESKTOP-RRE0LHB" failures="0" tests="3" name="KeyWords.Priority" time="0.010" errors="0" timestamp="2022-05-06T00:26:53 IST" skipped="0">
  <testcase classname="KeyWords.Priority" name="timeline" time="0.005"/>
  <system-out/>
  <testcase classname="KeyWords.Priority" name="Homepage" time="0.002"/>
  <system-out/>
  <testcase classname="KeyWords.Priority" name="Reels" time="0.003"/>
  <system-out/>
</testsuite> <!-- KeyWords.Priority -->
