<?xml version="1.0" encoding="UTF-8"?>
<!-- Generated by org.testng.reporters.JUnitReportReporter -->
<testsuite hostname="DESKTOP-RRE0LHB" failures="0" tests="2" name="AssertPratice.SoftAssertPratice" time="0.060" errors="0" timestamp="2022-05-11T00:02:47 IST" skipped="0">
  <testcase classname="AssertPratice.SoftAssertPratice" name="M2" time="0.017"/>
  <system-out/>
  <testcase classname="AssertPratice.SoftAssertPratice" name="M1" time="0.043"/>
  <system-out/>
</testsuite> <!-- AssertPratice.SoftAssertPratice -->
