<?xml version="1.0" encoding="UTF-8"?>
<!-- Generated by org.testng.reporters.JUnitReportReporter -->
<testsuite hostname="DESKTOP-RRE0LHB" failures="0" tests="1" name="OnlyPratice.Class1" time="0.066" errors="0" timestamp="2022-05-08T18:31:53 IST" skipped="0">
  <testcase classname="OnlyPratice.Class1" name="HomeScreenFB" time="0.066"/>
  <system-out/>
</testsuite> <!-- OnlyPratice.Class1 -->
