<?xml version="1.0" encoding="UTF-8"?>
<!-- Generated by org.testng.reporters.JUnitReportReporter -->
<testsuite hostname="DESKTOP-RRE0LHB" failures="0" tests="4" name="TestNGBasics.Introduction" time="0.021" errors="0" timestamp="2022-05-06T00:26:53 IST" skipped="0">
  <testcase classname="TestNGBasics.Introduction" name="openurl" time="0.003"/>
  <system-out>
    <![CDATA[Open URL Sucessfully done]]>
  </system-out>
  <testcase classname="TestNGBasics.Introduction" name="login" time="0.009"/>
  <system-out>
    <![CDATA[Login Sucucess]]>
  </system-out>
  <testcase classname="TestNGBasics.Introduction" name="notification" time="0.005"/>
  <system-out>
    <![CDATA[Notification Sucessfully done]]>
  </system-out>
  <testcase classname="TestNGBasics.Introduction" name="logout" time="0.004"/>
  <system-out>
    <![CDATA[Logout Sucess]]>
  </system-out>
</testsuite> <!-- TestNGBasics.Introduction -->
