<?xml version="1.0" encoding="UTF-8"?>
<!-- Generated by org.testng.reporters.JUnitReportReporter -->
<testsuite hostname="DESKTOP-RRE0LHB" failures="0" tests="3" name="Grouping.ClassNo2" time="0.038" errors="0" timestamp="2022-05-10T20:50:04 IST" skipped="0">
  <testcase classname="Grouping.ClassNo2" name="Test6" time="0.020"/>
  <system-out/>
  <testcase classname="Grouping.ClassNo2" name="Test5" time="0.014"/>
  <system-out/>
  <testcase classname="Grouping.ClassNo2" name="Test4" time="0.004"/>
  <system-out/>
</testsuite> <!-- Grouping.ClassNo2 -->
