<?xml version="1.0" encoding="UTF-8"?>
<!-- Generated by org.testng.reporters.JUnitReportReporter -->
<testsuite hostname="DESKTOP-RRE0LHB" failures="0" tests="2" name="TestAnnotations.Test4" time="0.037" errors="0" timestamp="2022-05-06T00:26:54 IST" skipped="0">
  <testcase classname="TestAnnotations.Test4" name="M1" time="0.028"/>
  <system-out/>
  <testcase classname="TestAnnotations.Test4" name="M2" time="0.009"/>
  <system-out/>
</testsuite> <!-- TestAnnotations.Test4 -->
