<?xml version="1.0" encoding="UTF-8"?>
<!-- Generated by org.testng.reporters.JUnitReportReporter -->
<testsuite hostname="DESKTOP-RRE0LHB" failures="0" tests="2" name="TestAnnotations.Test3" time="0.039" errors="0" timestamp="2022-05-06T00:26:54 IST" skipped="0">
  <testcase classname="TestAnnotations.Test3" name="M1" time="0.022"/>
  <system-out/>
  <testcase classname="TestAnnotations.Test3" name="M2" time="0.017"/>
  <system-out/>
</testsuite> <!-- TestAnnotations.Test3 -->
