<?xml version="1.0" encoding="UTF-8"?>
<!-- Generated by org.testng.reporters.JUnitReportReporter -->
<testsuite hostname="DESKTOP-RRE0LHB" failures="0" tests="1" name="OnlyPratice.test3" time="0.005" errors="0" timestamp="2022-05-06T00:26:53 IST" skipped="0">
  <testcase classname="OnlyPratice.test3" name="IPO3" time="0.005"/>
  <system-out/>
</testsuite> <!-- OnlyPratice.test3 -->
