<?xml version="1.0" encoding="UTF-8"?>
<!-- Generated by org.testng.reporters.JUnitReportReporter -->
<testsuite hostname="DESKTOP-RRE0LHB" failures="0" tests="1" name="OnlyPratice.Class2" time="0.016" errors="0" timestamp="2022-05-08T18:31:53 IST" skipped="0">
  <testcase classname="OnlyPratice.Class2" name="HomeScreenInsta" time="0.016"/>
  <system-out/>
</testsuite> <!-- OnlyPratice.Class2 -->
