<?xml version="1.0" encoding="UTF-8"?>
<!-- Generated by org.testng.reporters.JUnitReportReporter -->
<testsuite hostname="DESKTOP-RRE0LHB" failures="0" tests="3" name="TestNGBasics.ClassAnnotations" time="0.140" errors="0" timestamp="2022-05-06T00:26:53 IST" skipped="0">
  <testcase classname="TestNGBasics.ClassAnnotations" name="Homepage" time="0.003"/>
  <system-out/>
  <testcase classname="TestNGBasics.ClassAnnotations" name="timeline" time="0.134"/>
  <system-out/>
  <testcase classname="TestNGBasics.ClassAnnotations" name="Reels" time="0.003"/>
  <system-out/>
</testsuite> <!-- TestNGBasics.ClassAnnotations -->
