<?xml version="1.0" encoding="UTF-8"?>
<!-- Generated by org.testng.reporters.JUnitReportReporter -->
<testsuite hostname="DESKTOP-RRE0LHB" failures="0" tests="3" name="KeyWords.Enabled" time="0.017" errors="0" timestamp="2022-05-06T00:26:53 IST" skipped="1">
  <testcase classname="KeyWords.Enabled" name="timeline" time="0.009"/>
  <system-out/>
  <testcase classname="KeyWords.Enabled" name="Reels" time="0.008"/>
  <system-out/>
  <testcase classname="KeyWords.Enabled" name="Homepage">
    <skipped/>
  </testcase> <!-- Homepage -->
  <system-out/>
</testsuite> <!-- KeyWords.Enabled -->
