<?xml version="1.0" encoding="UTF-8"?>
<!-- Generated by org.testng.reporters.JUnitReportReporter -->
<testsuite hostname="DESKTOP-RRE0LHB" failures="0" tests="1" name="POM_PageFactory.InstaNewAcTEst" time="1.737" errors="0" timestamp="2022-05-14T01:57:31 IST" skipped="0">
  <testcase classname="POM_PageFactory.InstaNewAcTEst" name="InstaRegestrainPageTest" time="1.737"/>
  <system-out>
    <![CDATA[verifyInstaNewAcInstaLogo]]>
  </system-out>
</testsuite> <!-- POM_PageFactory.InstaNewAcTEst -->
