<?xml version="1.0" encoding="UTF-8"?>
<!-- Generated by org.testng.reporters.JUnitReportReporter -->
<testsuite hostname="DESKTOP-RRE0LHB" failures="0" tests="14" name="ParaMeterization_CrossBrowser.AllBrowserTseting" time="77.438" errors="0" timestamp="2022-05-12T02:17:09 IST" skipped="0">
  <testcase classname="ParaMeterization_CrossBrowser.AllBrowserTseting" name="CrossBrowserTesting" time="33.889"/>
  <system-out/>
  <testcase classname="ParaMeterization_CrossBrowser.AllBrowserTseting" name="CrossBrowserTesting" time="22.955"/>
  <system-out/>
  <testcase classname="ParaMeterization_CrossBrowser.AllBrowserTseting" name="verifyCurrentURL" time="0.047"/>
  <system-out>
    <![CDATA[verifyCurrentURL]]>
  </system-out>
  <testcase classname="ParaMeterization_CrossBrowser.AllBrowserTseting" name="verifyCurrentURL" time="0.187"/>
  <system-out>
    <![CDATA[verifyCurrentURL]]>
  </system-out>
  <testcase classname="ParaMeterization_CrossBrowser.AllBrowserTseting" name="verifyPageTitle" time="0.032"/>
  <system-out>
    <![CDATA[verifyPageTitle]]>
  </system-out>
  <testcase classname="ParaMeterization_CrossBrowser.AllBrowserTseting" name="verifyPageTitle" time="0.041"/>
  <system-out>
    <![CDATA[verifyPageTitle]]>
  </system-out>
  <testcase classname="ParaMeterization_CrossBrowser.AllBrowserTseting" name="verifyUsernameField" time="1.220"/>
  <system-out>
    <![CDATA[verifyUsernameField]]>
  </system-out>
  <testcase classname="ParaMeterization_CrossBrowser.AllBrowserTseting" name="verifyUsernameField" time="3.965"/>
  <system-out>
    <![CDATA[verifyUsernameField]]>
  </system-out>
  <testcase classname="ParaMeterization_CrossBrowser.AllBrowserTseting" name="verifyPasswordField" time="0.654"/>
  <system-out>
    <![CDATA[verifyPasswordField]]>
  </system-out>
  <testcase classname="ParaMeterization_CrossBrowser.AllBrowserTseting" name="verifyPasswordField" time="0.607"/>
  <system-out>
    <![CDATA[verifyPasswordField]]>
  </system-out>
  <testcase classname="ParaMeterization_CrossBrowser.AllBrowserTseting" name="clickLoginButton" time="1.743"/>
  <system-out>
    <![CDATA[clickLoginButton]]>
  </system-out>
  <testcase classname="ParaMeterization_CrossBrowser.AllBrowserTseting" name="clickLoginButton" time="0.435"/>
  <system-out>
    <![CDATA[clickLoginButton]]>
  </system-out>
  <testcase classname="ParaMeterization_CrossBrowser.AllBrowserTseting" name="quiteBrowser" time="9.828"/>
  <system-out/>
  <testcase classname="ParaMeterization_CrossBrowser.AllBrowserTseting" name="quiteBrowser" time="1.835"/>
  <system-out/>
</testsuite> <!-- ParaMeterization_CrossBrowser.AllBrowserTseting -->
