<?xml version="1.0" encoding="UTF-8"?>
<!-- Generated by org.testng.reporters.JUnitReportReporter -->
<testsuite hostname="DESKTOP-RRE0LHB" failures="0" tests="3" name="KeyWords.Timeouts" time="0.094" errors="0" timestamp="2022-05-08T20:23:30 IST" skipped="0">
  <testcase classname="KeyWords.Timeouts" name="Homepage" time="0.075"/>
  <system-out/>
  <testcase classname="KeyWords.Timeouts" name="timeline" time="0.009"/>
  <system-out/>
  <testcase classname="KeyWords.Timeouts" name="Reels" time="0.010"/>
  <system-out/>
</testsuite> <!-- KeyWords.Timeouts -->
