<?xml version="1.0" encoding="UTF-8"?>
<!-- Generated by org.testng.reporters.JUnitReportReporter -->
<testsuite hostname="DESKTOP-RRE0LHB" failures="0" tests="1" name="OnlyPratice.Pratice3" time="0.016" errors="0" timestamp="2022-05-06T00:42:21 IST" skipped="0">
  <testcase classname="OnlyPratice.Pratice3" name="IPO3" time="0.016"/>
  <system-out/>
</testsuite> <!-- OnlyPratice.Pratice3 -->
