<?xml version="1.0" encoding="UTF-8"?>
<!-- Generated by org.testng.reporters.JUnitReportReporter -->
<testsuite hostname="DESKTOP-RRE0LHB" failures="0" tests="3" name="Grouping.ClassNo3" time="0.066" errors="0" timestamp="2022-05-10T20:50:04 IST" skipped="0">
  <testcase classname="Grouping.ClassNo3" name="Test7" time="0.032"/>
  <system-out/>
  <testcase classname="Grouping.ClassNo3" name="Test8" time="0.017"/>
  <system-out/>
  <testcase classname="Grouping.ClassNo3" name="Test9" time="0.017"/>
  <system-out/>
</testsuite> <!-- Grouping.ClassNo3 -->
