<?xml version="1.0" encoding="UTF-8"?>
<!-- Generated by org.testng.reporters.JUnitReportReporter -->
<testsuite hostname="DESKTOP-RRE0LHB" failures="0" tests="2" name="POM_PageFactory.FaceBookMainPageTest" time="22.231" errors="0" timestamp="2022-05-14T02:15:06 IST" skipped="0">
  <testcase classname="POM_PageFactory.FaceBookMainPageTest" name="link" time="5.858"/>
  <system-out/>
  <testcase classname="POM_PageFactory.FaceBookMainPageTest" name="SetUp" time="16.373"/>
  <system-out/>
</testsuite> <!-- POM_PageFactory.FaceBookMainPageTest -->
