<?xml version="1.0" encoding="UTF-8"?>
<!-- Generated by org.testng.reporters.JUnitReportReporter -->
<testsuite hostname="DESKTOP-RRE0LHB" failures="0" tests="1" name="POM_PageFactory.RegestrationTestClass" time="12.240" errors="0" timestamp="2022-05-13T13:50:15 IST" skipped="0">
  <testcase classname="POM_PageFactory.RegestrationTestClass" name="RegestrationPageTest" time="12.240"/>
  <system-out>
    <![CDATA[clickOnSignUpLink
verifyRegestrationPageFbLogo
verifyRegestrationPageAlreadyAccount
verifyRegestrationPageFirstName
verifyRegestrationPageSurName
verifyRegestrationPageMobNum
verifyRegestrationPagepassword
verifyRegestrationPageBirthdate
verifyRegestrationPageBirthMonth
verifyRegestrationPageBirthYear
verifyRegestrationPageGender]]>
  </system-out>
</testsuite> <!-- POM_PageFactory.RegestrationTestClass -->
