<?xml version="1.0" encoding="UTF-8"?>
<!-- Generated by org.testng.reporters.JUnitReportReporter -->
<testsuite hostname="DESKTOP-RRE0LHB" failures="0" tests="1" name="OnlyPratice.Pratice2" time="0.023" errors="0" timestamp="2022-05-06T00:42:21 IST" skipped="0">
  <testcase classname="OnlyPratice.Pratice2" name="Intraday2" time="0.023"/>
  <system-out/>
</testsuite> <!-- OnlyPratice.Pratice2 -->
