<?xml version="1.0" encoding="UTF-8"?>
<!-- Generated by org.testng.reporters.JUnitReportReporter -->
<testsuite hostname="DESKTOP-RRE0LHB" failures="0" tests="1" name="OnlyPratice.GroupNo1" time="0.029" errors="0" timestamp="2022-05-10T21:21:39 IST" skipped="0">
  <testcase classname="OnlyPratice.GroupNo1" name="Login1" time="0.029"/>
  <system-out/>
</testsuite> <!-- OnlyPratice.GroupNo1 -->
