<?xml version="1.0" encoding="UTF-8"?>
<!-- Generated by org.testng.reporters.JUnitReportReporter -->
<testsuite hostname="DESKTOP-RRE0LHB" failures="0" tests="3" name="Grouping.ClassNo1" time="0.048" errors="0" timestamp="2022-05-10T20:50:04 IST" skipped="1">
  <testcase classname="Grouping.ClassNo1" name="Test2" time="0.017"/>
  <system-out/>
  <testcase classname="Grouping.ClassNo1" name="Test1" time="0.031"/>
  <system-out/>
  <testcase classname="Grouping.ClassNo1" name="Test3">
    <skipped/>
  </testcase> <!-- Test3 -->
  <system-out/>
</testsuite> <!-- Grouping.ClassNo1 -->
